designverincludedir -clear
designverlibrarysim -PL -clear
designverlibrarysim -L -clear
designverlibrarysim ovi_ice40up
designverdefinemacro -clear
removefile -Y -D *
addfile C:/lscc/radiant/1.1/ip/pmi/pmi_iCE40UP.v
# Adding file C:\lscc\radiant\1.1\ip\pmi\pmi_iCE40UP.v ... Done
addfile {C:/Users/Juan Martin/Documents/ProyectosRadiant/TPF_Prueba/ResetGame.v}
# Adding file C:\Users\Juan Martin\Documents\ProyectosRadiant\TPF_Prueba\ResetGame.v ... Done
addfile {C:/Users/Juan Martin/Documents/ProyectosRadiant/TPF_Prueba/Points.v}
# Adding file C:\Users\Juan Martin\Documents\ProyectosRadiant\TPF_Prueba\Points.v ... Done
addfile {C:/Users/Juan Martin/Documents/ProyectosRadiant/TPF_Prueba/BallandBar.v}
# Adding file C:\Users\Juan Martin\Documents\ProyectosRadiant\TPF_Prueba\BallandBar.v ... Done
addfile {C:/Users/Juan Martin/Documents/ProyectosRadiant/TPF_Prueba/BallandBarMovement.v}
# Adding file C:\Users\Juan Martin\Documents\ProyectosRadiant\TPF_Prueba\BallandBarMovement.v ... Done
addfile {C:/Users/Juan Martin/Documents/ProyectosRadiant/TPF_Prueba/VGA.v}
# Adding file C:\Users\Juan Martin\Documents\ProyectosRadiant\TPF_Prueba\VGA.v ... Done
addfile {C:/Users/Juan Martin/Documents/ProyectosRadiant/TPF_Prueba/My_Pll/rtl/My_Pll.v}
# Adding file C:\Users\Juan Martin\Documents\ProyectosRadiant\TPF_Prueba\My_Pll\rtl\My_Pll.v ... Done
addfile {C:/Users/Juan Martin/Documents/ProyectosRadiant/TPF_Prueba/Top.v}
# Adding file C:\Users\Juan Martin\Documents\ProyectosRadiant\TPF_Prueba\Top.v ... Done
vlib {C:/Users/Juan Martin/Documents/ProyectosRadiant/TPF_Prueba/i/work}
# Warning: Library work already exists
adel -all
# Library contents cleared.
vlib pmi
# Warning: Library pmi already exists
vcom -work pmi C:/lscc/radiant/1.1/ip/pmi/pmi_iCE40UP.vhd
# Warning: DAGGEN_0523: The source is compiled without the -dbg switch. Line breakpoints and assertion debug will not be available.
# File: C:\lscc\radiant\1.1\ip\pmi\pmi_iCE40UP.vhd
# Compile Package "components"
# Compile success 0 Errors 0 Warnings  Analysis time :  16.0 [ms]
vlog -dbg -work work C:/lscc/radiant/1.1/ip/pmi/pmi_iCE40UP.v
# Pass 1. Scanning modules hierarchy.
# Pass 2. Processing instantiations.
# Pass 3. Processing behavioral statements.
# ELB/DAG code generating.
# Unit top modules: pmi_addsub pmi_add pmi_complex_mult pmi_counter pmi_fifo pmi_fifo_dc pmi_mac pmi_multaddsubsum pmi_multaddsub pmi_mult pmi_ram_dp pmi_ram_dq pmi_rom pmi_sub pmi_ram_dp_be pmi_ram_dq_be pmi_dsp.
# $root top modules: pmi_addsub pmi_add pmi_complex_mult pmi_counter pmi_fifo pmi_fifo_dc pmi_mac pmi_multaddsubsum pmi_multaddsub pmi_mult pmi_ram_dp pmi_ram_dq pmi_rom pmi_sub pmi_ram_dp_be pmi_ram_dq_be pmi_dsp.
# Compile success 0 Errors 0 Warnings  Analysis time: 1[s].
# done
vlog -dbg -work work {C:/Users/Juan Martin/Documents/ProyectosRadiant/TPF_Prueba/ResetGame.v}
# Pass 1. Scanning modules hierarchy.
# Info: VCP2113 Module \$root found in current working library.
# Warning: VCP2377 ResetGame.v : (7, 11): Redundant semicolon ignored.
# Pass 2. Processing instantiations.
# Pass 3. Processing behavioral statements.
# ELB/DAG code generating.
# Info: VCP2113 Module \$root found in current working library.
# Unit top modules: ResetGame.
# $root top modules: pmi_addsub pmi_add pmi_complex_mult pmi_counter pmi_fifo pmi_fifo_dc pmi_mac pmi_multaddsubsum pmi_multaddsub pmi_mult pmi_ram_dp pmi_ram_dq pmi_rom pmi_sub pmi_ram_dp_be pmi_ram_dq_be pmi_dsp ResetGame.
# Compile success 0 Errors 1 Warnings  Analysis time: 0[s].
# done
vlog -dbg -work work {C:/Users/Juan Martin/Documents/ProyectosRadiant/TPF_Prueba/Points.v}
# Pass 1. Scanning modules hierarchy.
# Info: VCP2113 Module \$root found in current working library.
# Warning: VCP2377 Points.v : (22, 11): Redundant semicolon ignored.
# Pass 2. Processing instantiations.
# Info: VCP2876 Points.v : (10, 13): Implicit net declaration, symbol int4 has not been declared in module Puntos1.
# Info: VCP2876 Points.v : (10, 35): Implicit net declaration, symbol YSIZE has not been declared in module Puntos1.
# Info: VCP2876 Points.v : (12, 13): Implicit net declaration, symbol int5 has not been declared in module Puntos1.
# Info: VCP2876 Points.v : (13, 13): Implicit net declaration, symbol int6 has not been declared in module Puntos1.
# Info: VCP2876 Points.v : (15, 13): Implicit net declaration, symbol int7 has not been declared in module Puntos1.
# Pass 3. Processing behavioral statements.
# ELB/DAG code generating.
# Info: VCP2113 Module \$root found in current working library.
# Unit top modules: Puntos1.
# $root top modules: pmi_addsub pmi_add pmi_complex_mult pmi_counter pmi_fifo pmi_fifo_dc pmi_mac pmi_multaddsubsum pmi_multaddsub pmi_mult pmi_ram_dp pmi_ram_dq pmi_rom pmi_sub pmi_ram_dp_be pmi_ram_dq_be pmi_dsp ResetGame Puntos1.
# Compile success 0 Errors 1 Warnings  Analysis time: 0[s].
# done
vlog -dbg -work work {C:/Users/Juan Martin/Documents/ProyectosRadiant/TPF_Prueba/BallandBar.v}
# Pass 1. Scanning modules hierarchy.
# Info: VCP2113 Module \$root found in current working library.
# Warning: VCP2377 BallandBar.v : (11, 11): Redundant semicolon ignored.
# Warning: VCP2377 BallandBar.v : (22, 11): Redundant semicolon ignored.
# Pass 2. Processing instantiations.
# Pass 3. Processing behavioral statements.
# ELB/DAG code generating.
# Info: VCP2113 Module \$root found in current working library.
# Unit top modules: Bar Ball.
# $root top modules: pmi_addsub pmi_add pmi_complex_mult pmi_counter pmi_fifo pmi_fifo_dc pmi_mac pmi_multaddsubsum pmi_multaddsub pmi_mult pmi_ram_dp pmi_ram_dq pmi_rom pmi_sub pmi_ram_dp_be pmi_ram_dq_be pmi_dsp ResetGame Puntos1 Bar Ball.
# Compile success 0 Errors 2 Warnings  Analysis time: 0[s].
# done
vlog -dbg -work work {C:/Users/Juan Martin/Documents/ProyectosRadiant/TPF_Prueba/BallandBarMovement.v}
# Pass 1. Scanning modules hierarchy.
# Info: VCP2113 Module \$root found in current working library.
# Warning: VCP2377 BallandBarMovement.v : (101, 11): Redundant semicolon ignored.
# Warning: VCP2377 BallandBarMovement.v : (121, 11): Redundant semicolon ignored.
# Warning: VCP2377 BallandBarMovement.v : (140, 11): Redundant semicolon ignored.
# Pass 2. Processing instantiations.
# Pass 3. Processing behavioral statements.
# ELB/DAG code generating.
# Info: VCP2113 Module \$root found in current working library.
# Unit top modules: BallMov BarrMov1 BarrMov2.
# $root top modules: pmi_addsub pmi_add pmi_complex_mult pmi_counter pmi_fifo pmi_fifo_dc pmi_mac pmi_multaddsubsum pmi_multaddsub pmi_mult pmi_ram_dp pmi_ram_dq pmi_rom pmi_sub pmi_ram_dp_be pmi_ram_dq_be pmi_dsp ResetGame Puntos1 Bar Ball BallMov BarrMov1 BarrMov2.
# Compile success 0 Errors 3 Warnings  Analysis time: 0[s].
# done
vlog -dbg -work work {C:/Users/Juan Martin/Documents/ProyectosRadiant/TPF_Prueba/VGA.v}
# Pass 1. Scanning modules hierarchy.
# Info: VCP2113 Module \$root found in current working library.
# Warning: VCP2377 VGA.v : (36, 11): Redundant semicolon ignored.
# Pass 2. Processing instantiations.
# Pass 3. Processing behavioral statements.
# ELB/DAG code generating.
# Info: VCP2113 Module \$root found in current working library.
# Unit top modules: VGA.
# $root top modules: pmi_addsub pmi_add pmi_complex_mult pmi_counter pmi_fifo pmi_fifo_dc pmi_mac pmi_multaddsubsum pmi_multaddsub pmi_mult pmi_ram_dp pmi_ram_dq pmi_rom pmi_sub pmi_ram_dp_be pmi_ram_dq_be pmi_dsp ResetGame Puntos1 Bar Ball BallMov BarrMov1 BarrMov2 VGA.
# Compile success 0 Errors 1 Warnings  Analysis time: 0[s].
# done
vlog -dbg -work work {C:/Users/Juan Martin/Documents/ProyectosRadiant/TPF_Prueba/My_Pll/rtl/My_Pll.v}
# Pass 1. Scanning modules hierarchy.
# Info: VCP2113 Module \$root found in current working library.
# Pass 2. Processing instantiations.
# Pass 3. Processing behavioral statements.
# ELB/DAG code generating.
# Info: VCP2113 Module \$root found in current working library.
# Unit top modules: My_Pll.
# $root top modules: pmi_addsub pmi_add pmi_complex_mult pmi_counter pmi_fifo pmi_fifo_dc pmi_mac pmi_multaddsubsum pmi_multaddsub pmi_mult pmi_ram_dp pmi_ram_dq pmi_rom pmi_sub pmi_ram_dp_be pmi_ram_dq_be pmi_dsp ResetGame Puntos1 Bar Ball BallMov BarrMov1 BarrMov2 VGA My_Pll.
# Compile success 0 Errors 0 Warnings  Analysis time: 0[s].
# done
vlog -dbg -work work {C:/Users/Juan Martin/Documents/ProyectosRadiant/TPF_Prueba/Top.v}
# Pass 1. Scanning modules hierarchy.
# Info: VCP2113 Module \$root found in current working library.
# Warning: VCP2377 Top.v : (59, 11): Redundant semicolon ignored.
# Info: VCP2113 Module My_Pll found in current working library.
# Info: VCP2113 Module VGA found in current working library.
# Info: VCP2113 Module BallMov found in current working library.
# Info: VCP2113 Module BarrMov1 found in current working library.
# Info: VCP2113 Module BarrMov2 found in current working library.
# Info: VCP2113 Module Ball found in current working library.
# Info: VCP2113 Module Bar found in current working library.
# Info: VCP2113 Module Puntos1 found in current working library.
# Info: VCP2113 Module ResetGame found in current working library.
# Pass 2. Processing instantiations.
# Info: VCP2876 Top.v : (58, 28): Implicit net declaration, symbol Reset has not been declared in module main.
# Pass 3. Processing behavioral statements.
# ELB/DAG code generating.
# Info: VCP2113 Module \$root found in current working library.
# Unit top modules: main.
# $root top modules: pmi_addsub pmi_add pmi_complex_mult pmi_counter pmi_fifo pmi_fifo_dc pmi_mac pmi_multaddsubsum pmi_multaddsub pmi_mult pmi_ram_dp pmi_ram_dq pmi_rom pmi_sub pmi_ram_dp_be pmi_ram_dq_be pmi_dsp main.
# Compile success 0 Errors 1 Warnings  Analysis time: 0[s].
# done
module main
# ELBREAD: Elaboration process.
# ELBREAD: Warning: Module 'main' does not have a `timescale directive, but previous modules do.
# ELBREAD: Warning: Module 'My_Pll' does not have a `timescale directive, but previous modules do.
# ELBREAD: Warning: Module 'VGA' does not have a `timescale directive, but previous modules do.
# ELBREAD: Warning: Module 'BallMov' does not have a `timescale directive, but previous modules do.
# ELBREAD: Warning: Module 'BarrMov1' does not have a `timescale directive, but previous modules do.
# ELBREAD: Warning: Module 'BarrMov2' does not have a `timescale directive, but previous modules do.
# ELBREAD: Warning: Module 'Ball' does not have a `timescale directive, but previous modules do.
# ELBREAD: Warning: Module 'Bar' does not have a `timescale directive, but previous modules do.
# ELBREAD: Warning: Module 'Puntos1' does not have a `timescale directive, but previous modules do.
# ELBREAD: Warning: Module 'ResetGame' does not have a `timescale directive, but previous modules do.
# ELBREAD: Warning: Module 'My_Pll_ipgen_lscc_pll' does not have a `timescale directive, but previous modules do.
# ELBREAD: Elaboration time 0.0 [s].
vsim +access +r main -L ovi_ice40up
# ELBREAD: Elaboration process.
# ELBREAD: Warning: Module 'main' does not have a `timescale directive, but previous modules do.
# ELBREAD: Warning: Module 'My_Pll' does not have a `timescale directive, but previous modules do.
# ELBREAD: Warning: Module 'VGA' does not have a `timescale directive, but previous modules do.
# ELBREAD: Warning: Module 'BallMov' does not have a `timescale directive, but previous modules do.
# ELBREAD: Warning: Module 'BarrMov1' does not have a `timescale directive, but previous modules do.
# ELBREAD: Warning: Module 'BarrMov2' does not have a `timescale directive, but previous modules do.
# ELBREAD: Warning: Module 'Ball' does not have a `timescale directive, but previous modules do.
# ELBREAD: Warning: Module 'Bar' does not have a `timescale directive, but previous modules do.
# ELBREAD: Warning: Module 'Puntos1' does not have a `timescale directive, but previous modules do.
# ELBREAD: Warning: Module 'ResetGame' does not have a `timescale directive, but previous modules do.
# ELBREAD: Warning: Module 'My_Pll_ipgen_lscc_pll' does not have a `timescale directive, but previous modules do.
# ELBREAD: Elaboration time 0.0 [s].
# VSIM: Stack memory: 32MB
# VSIM: Retval memory: 32MB
# 
# KERNEL: Main thread initiated.
# KERNEL: Kernel process initialization phase.
# KERNEL: Time resolution set to 1ps.
# ELAB2: Elaboration final pass...
# ELAB2: Create instances ...
# ELAB2: Create instances complete.
# SLP: Started
# SLP: Elaboration phase ...
# SLP: Elaboration phase ... done : 0.1 [s]
# SLP: Generation phase ...
# SLP: Generation phase ... done : 1.0 [s]
# SLP: Finished : 1.2 [s]
# SLP: 73 (41.71%) primitives and 102 (58.29%) other processes in SLP
# SLP: 602 (99.67%) signals in SLP and 0 interface signals
# ELAB2: Elaboration final pass complete - time: 1.3 [s].
# KERNEL: SLP loading done - time: 0.0 [s].
# KERNEL: Warning: You are using the Active-HDL Lattice Edition. The performance of simulation is running at a reduced rate.
# KERNEL: Warning: Contact Aldec for available upgrade options - sales@aldec.com.
# KERNEL: SLP simulation initialization done - time: 0.0 [s].
# KERNEL: Kernel process initialization done.
# Allocation: Simulator allocated 5821 kB (elbread=1281 elab2=4406 kernel=133 sdf=0)
# KERNEL: ASDB file was created in location C:\Users\Juan Martin\Documents\ProyectosRadiant\TPF_Prueba\i\src\wave.asdb
#  11:24, lunes, 18 de noviembre de 2019
#  Simulation has been initialized
add wave *
# 26 signal(s) traced.
run 1000ns
# Waveform file 'untitled.awc' connected to 'C:/Users/Juan Martin/Documents/ProyectosRadiant/TPF_Prueba/i/src/wave.asdb'.
# KERNEL: ************************SBT : Info*****************************
# KERNEL: Note that signal connection to the EXTFEEDBACK port of the PLL must come from INTFBOUT port of PLL.
# KERNEL: ***************************************************************
# KERNEL: ************************SBT : Attention***************************
# KERNEL: Since FEEDBACK_PATH="SIMPLE", the FDA_FEEDBACK value will be ignored
# KERNEL: ******************************************************************
# KERNEL: 
# KERNEL: 
# KERNEL: ************************Attention************************
# KERNEL: 
# KERNEL:    The pulse of the RESET signal is too small! The min-  
# KERNEL: 
# KERNEL:    imum acceptable pulse width is 1us. The PLL verilog   
# KERNEL: 
# KERNEL:    model will continue to operate, but the current sim-  
# KERNEL: 
# KERNEL:    ulation results may not be accurate!                  
# KERNEL: 
# KERNEL: 
# KERNEL: 
# KERNEL:    Please check the RESET input signal, and rerun the    
# KERNEL: 
# KERNEL:    simulation.                                           
# KERNEL: 
# KERNEL: 
# KERNEL: 
# KERNEL:    Simulation time is                93744
# KERNEL: 
# KERNEL: ******************************************************** 
# KERNEL: 
# KERNEL: 
# KERNEL: 
# KERNEL: stopped at time: 1 us
# KERNEL: Warning: KERNEL_0291 Signal '/main/x_count' has already been traced.
# 0 signal(s) traced.
# KERNEL: Warning: KERNEL_0291 Signal '/main/y_count' has already been traced.
# 0 signal(s) traced.
# KERNEL: Warning: KERNEL_0291 Signal '/main/point1' has already been traced.
# 0 signal(s) traced.
